========================================
2026-04-22 03:00:00 — Starting daily update
========================================
[1/8] Importing NCAA scores and schedules...
  Results 2026-04-21: 42 imported, 80 skipped
  Results 2026-04-22: 0 imported, 42 skipped
  Schedule 2026-04-22: 40 imported, 2 skipped
  Schedule 2026-04-23: 4 imported, 0 skipped
  Schedule 2026-04-24: 146 imported, 0 skipped
  Schedule 2026-04-25: 159 imported, 0 skipped
  Schedule 2026-04-26: 148 imported, 0 skipped
  Schedule 2026-04-27: 2 imported, 0 skipped
  Schedule 2026-04-28: 103 imported, 2 skipped
  Schedule 2026-04-29: 33 imported, 2 skipped
[2/8] Scraping pitcher box scores...
  2026-04-20: 0 games, 0 pitchers

Scraped 39 games, 303 pitcher entries
Database: 23980 pitchers total, 10765 unique starters identified
[3/8] Scraping play-by-play...
Done: 39 games, 4002 play events across 1 days
Database: 3074284 total play events
[4/8] Computing game features...
  42 series positions, features updated
[5/8] Fetching odds...
  Stored odds for 19 games
[6/8] Computing ratings...
  bt_iterations: converged
  mean_bt_rating: -0.0000
  std_bt_rating: 0.5467
  308 team stats, 308 bullpen stats, 7115 pitchers rated
[7/8] Generating predictions + rendering...
  2026-04-21: 119 predictions
  2026-04-22: 40 predictions
  2026-04-23: 5 predictions
  2026-04-24: 145 predictions
  2026-04-25: 152 predictions
  2026-04-26: 148 predictions
  2026-04-27: 3 predictions
  2026-04-28: 103 predictions
Rendered predictions -> /Users/mghome/projects/college-baseball/docs/index.html
Rendered rankings → /Users/mghome/projects/college-baseball/docs/rankings.html
Rendered edge → /Users/mghome/projects/college-baseball/docs/edge.html
Rendered backtest → /Users/mghome/projects/college-baseball/docs/backtest.html
Rendered wp → /Users/mghome/projects/college-baseball/docs/wp.html (10 games)
Rendered top25 → /Users/mghome/projects/college-baseball/docs/top25.html
Rendered history → /Users/mghome/projects/college-baseball/docs/history.html (52 dates)
[8/8] Pushing to GitHub...
[main d130d19] daily: predictions update 2026-04-22
 8 files changed, 14294 insertions(+), 10653 deletions(-)
To github.com:mergimg0/college-baseball.git
   6f8a3e6..d130d19  main -> main
  Pushed — Pages will auto-deploy
========================================
2026-04-22 03:37:50 — Daily update complete
========================================
========================================
2026-04-22 09:00:00 — Starting daily update
========================================
[1/8] Importing NCAA scores and schedules...
  Results 2026-04-21: 105 imported, 14 skipped
  Results 2026-04-22: 0 imported, 42 skipped
  Schedule 2026-04-22: 40 imported, 2 skipped
  Schedule 2026-04-23: 4 imported, 0 skipped
  Schedule 2026-04-24: 146 imported, 0 skipped
  Schedule 2026-04-25: 159 imported, 0 skipped
  Schedule 2026-04-26: 148 imported, 0 skipped
  Schedule 2026-04-27: 2 imported, 0 skipped
  Schedule 2026-04-28: 103 imported, 2 skipped
  Schedule 2026-04-29: 33 imported, 2 skipped
[2/8] Scraping pitcher box scores...
  2026-04-20: 0 games, 0 pitchers

Scraped 66 games, 583 pitcher entries
Database: 24064 pitchers total, 10825 unique starters identified
[3/8] Scraping play-by-play...
Done: 66 games, 6934 play events across 1 days
Database: 3081218 total play events
[4/8] Computing game features...
  63 series positions, features updated
[5/8] Fetching odds...
  Stored odds for 9 games
[6/8] Computing ratings...
  bt_iterations: converged
  mean_bt_rating: -0.0000
  std_bt_rating: 0.5466
  308 team stats, 308 bullpen stats, 7115 pitchers rated
[7/8] Generating predictions + rendering...
  2026-04-21: 120 predictions
  2026-04-22: 40 predictions
  2026-04-23: 5 predictions
  2026-04-24: 145 predictions
  2026-04-25: 152 predictions
  2026-04-26: 148 predictions
  2026-04-27: 3 predictions
  2026-04-28: 103 predictions
Rendered predictions -> /Users/mghome/projects/college-baseball/docs/index.html
Rendered rankings → /Users/mghome/projects/college-baseball/docs/rankings.html
Rendered edge → /Users/mghome/projects/college-baseball/docs/edge.html
Rendered backtest → /Users/mghome/projects/college-baseball/docs/backtest.html
Rendered wp → /Users/mghome/projects/college-baseball/docs/wp.html (10 games)
Rendered top25 → /Users/mghome/projects/college-baseball/docs/top25.html
Rendered history → /Users/mghome/projects/college-baseball/docs/history.html (52 dates)
[8/8] Pushing to GitHub...
[main b571134] daily: predictions update 2026-04-22
 8 files changed, 4406 insertions(+), 4351 deletions(-)
To github.com:mergimg0/college-baseball.git
   d130d19..b571134  main -> main
  Pushed — Pages will auto-deploy
========================================
2026-04-22 09:40:31 — Daily update complete
========================================
========================================
2026-04-22 15:00:00 — Starting daily update
========================================
[1/8] Importing NCAA scores and schedules...
  Results 2026-04-21: 106 imported, 6 skipped
  Results 2026-04-22: 0 imported, 44 skipped
  Schedule 2026-04-22: 42 imported, 2 skipped
  Schedule 2026-04-23: 4 imported, 0 skipped
  Schedule 2026-04-24: 146 imported, 0 skipped
  Schedule 2026-04-25: 159 imported, 0 skipped
  Schedule 2026-04-26: 148 imported, 0 skipped
  Schedule 2026-04-27: 2 imported, 0 skipped
  Schedule 2026-04-28: 103 imported, 2 skipped
  Schedule 2026-04-29: 33 imported, 2 skipped
[2/8] Scraping pitcher box scores...
  2026-04-20: 0 games, 0 pitchers

Scraped 1 games, 10 pitcher entries
Database: 24065 pitchers total, 10825 unique starters identified
[3/8] Scraping play-by-play...
Done: 1 games, 121 play events across 1 days
Database: 3081339 total play events
[4/8] Computing game features...
  1 series positions, features updated
[5/8] Fetching odds...
  Stored odds for 19 games
[6/8] Computing ratings...
  bt_iterations: converged
  mean_bt_rating: -0.0000
  std_bt_rating: 0.5464
  308 team stats, 308 bullpen stats, 7115 pitchers rated
[7/8] Generating predictions + rendering...
  2026-04-21: 120 predictions
  2026-04-22: 42 predictions
  2026-04-23: 5 predictions
  2026-04-24: 145 predictions
  2026-04-25: 152 predictions
  2026-04-26: 148 predictions
  2026-04-27: 3 predictions
  2026-04-28: 103 predictions
Rendered predictions -> /Users/mghome/projects/college-baseball/docs/index.html
Rendered rankings → /Users/mghome/projects/college-baseball/docs/rankings.html
Rendered edge → /Users/mghome/projects/college-baseball/docs/edge.html
Rendered backtest → /Users/mghome/projects/college-baseball/docs/backtest.html
Rendered wp → /Users/mghome/projects/college-baseball/docs/wp.html (10 games)
Rendered top25 → /Users/mghome/projects/college-baseball/docs/top25.html
Rendered history → /Users/mghome/projects/college-baseball/docs/history.html (52 dates)
[8/8] Pushing to GitHub...
[main 1bcd9a9] daily: predictions update 2026-04-22
 8 files changed, 405 insertions(+), 305 deletions(-)
To github.com:mergimg0/college-baseball.git
   b571134..1bcd9a9  main -> main
  Pushed — Pages will auto-deploy
========================================
2026-04-22 15:40:18 — Daily update complete
========================================
========================================
2026-04-22 21:00:00 — Starting daily update
========================================
[1/8] Importing NCAA scores and schedules...
  Results 2026-04-21: 107 imported, 5 skipped
  Results 2026-04-22: 0 imported, 44 skipped
  Schedule 2026-04-22: 42 imported, 2 skipped
  Schedule 2026-04-23: 4 imported, 0 skipped
  Schedule 2026-04-24: 146 imported, 0 skipped
  Schedule 2026-04-25: 159 imported, 0 skipped
  Schedule 2026-04-26: 148 imported, 0 skipped
  Schedule 2026-04-27: 2 imported, 0 skipped
  Schedule 2026-04-28: 103 imported, 2 skipped
  Schedule 2026-04-29: 33 imported, 2 skipped
[2/8] Scraping pitcher box scores...
  2026-04-20: 0 games, 0 pitchers

Scraped 1 games, 8 pitcher entries
Database: 24065 pitchers total, 10826 unique starters identified
[3/8] Scraping play-by-play...
Done: 1 games, 104 play events across 1 days
Database: 3081443 total play events
[4/8] Computing game features...
  1 series positions, features updated
[5/8] Fetching odds...
  No odds available
[6/8] Computing ratings...
  bt_iterations: converged
  mean_bt_rating: 0.0000
  std_bt_rating: 0.5463
  308 team stats, 308 bullpen stats, 7115 pitchers rated
[7/8] Generating predictions + rendering...
  2026-04-21: 120 predictions
  2026-04-22: 42 predictions
  2026-04-23: 5 predictions
  2026-04-24: 145 predictions
  2026-04-25: 152 predictions
  2026-04-26: 148 predictions
  2026-04-27: 3 predictions
  2026-04-28: 103 predictions
Rendered predictions -> /Users/mghome/projects/college-baseball/docs/index.html
Rendered rankings → /Users/mghome/projects/college-baseball/docs/rankings.html
Rendered edge → /Users/mghome/projects/college-baseball/docs/edge.html
Rendered backtest → /Users/mghome/projects/college-baseball/docs/backtest.html
Rendered wp → /Users/mghome/projects/college-baseball/docs/wp.html (10 games)
Rendered top25 → /Users/mghome/projects/college-baseball/docs/top25.html
Rendered history → /Users/mghome/projects/college-baseball/docs/history.html (52 dates)
[8/8] Pushing to GitHub...
[main 87ff5cc] daily: predictions update 2026-04-22
 8 files changed, 328 insertions(+), 328 deletions(-)
To github.com:mergimg0/college-baseball.git
   1bcd9a9..87ff5cc  main -> main
  Pushed — Pages will auto-deploy
========================================
2026-04-22 21:37:59 — Daily update complete
========================================
